15:07:50 **** Incremental Build of configuration Debug for project Lab2 ****
make all 
Building target: Lab2.elf
Invoking: MCU GCC Linker
arm-none-eabi-gcc -mcpu=cortex-m4 -mthumb -mfloat-abi=hard -mfpu=fpv4-sp-d16 -T"C:\Users\Max\Desktop\github\MCSL\Lab2\LinkerScript.ld" -Wl,-Map=output.map -Wl,--gc-sections -o "Lab2.elf" @"objects.list"   -lm
src/main2.2.o: In function `main':
C:\Users\Max\Desktop\github\MCSL\Lab2\Debug/../src/main2.2.s:63: multiple definition of `main'
src/main2.1.o:C:\Users\Max\Desktop\github\MCSL\Lab2\Debug/../src/main2.1.s:28: first defined here
src/main2.3.o: In function `main':
C:\Users\Max\Desktop\github\MCSL\Lab2\Debug/../src/main2.3.s:41: multiple definition of `main'
src/main2.1.o:C:\Users\Max\Desktop\github\MCSL\Lab2\Debug/../src/main2.1.s:28: first defined here
src/main2.4.1.o: In function `main':
C:\Users\Max\Desktop\github\MCSL\Lab2\Debug/../src/main2.4.1.s:25: multiple definition of `main'
src/main2.1.o:C:\Users\Max\Desktop\github\MCSL\Lab2\Debug/../src/main2.1.s:28: first defined here
src/main2.4.2.o: In function `main':
C:\Users\Max\Desktop\github\MCSL\Lab2\Debug/../src/main2.4.2.s:63: multiple definition of `main'
src/main2.1.o:C:\Users\Max\Desktop\github\MCSL\Lab2\Debug/../src/main2.1.s:28: first defined here
collect2.exe: error: ld returned 1 exit status
makefile:34: recipe for target 'Lab2.elf' failed
make: *** [Lab2.elf] Error 1

15:07:50 Build Finished (took 409ms)

